[debug] > Exec(;reload; set _root_.org.jetbrains.sbt.StructureKeys.sbtStructureOptions in Global := "download resolveClassifiers" ;preferScala2;*/*:dumpStructureTo C:/Users/ystri/AppData/Local/Temp/sbt-structure.xml; session clear-all ; set ideaPort in Global := 63947, None, None)
[debug] > Exec(reload, None, None)
[debug] > Exec(sbtStashOnFailure, None, None)
[debug] > Exec(onFailure loadFailed, None, None)
[debug] > Exec(loadp, None, None)
[info] welcome to sbt 1.5.2 (Amazon.com Inc. Java 1.8.0_312)
[debug]       Load.loadUnit: plugins took 15.6774ms
[debug]       Load.loadUnit: defsScala took 0.0027ms
[debug] [Loading] Scanning directory C:\Users\ystri\.sbt\1.0\plugins
[debug] [Loading] Found non-root projects 
[debug] [Loading] Done in C:\Users\ystri\.sbt\1.0\plugins, returning: ()
[debug] deducing auto plugins based on known facts Set(Atom(sbt.plugins.CorePlugin)) and clauses Clauses(Clause(Atom(sbt.plugins.JvmPlugin),Set(Atom(sbt.plugins.IvyPlugin)))
[debug] Clause(Atom(sbt.ScriptedPlugin),Set(Atom(sbt.plugins.JvmPlugin)))
[debug] Clause(Atom(sbt.plugins.SbtPlugin),Set(Atom(sbt.ScriptedPlugin)))
[debug] Clause(Atom(sbt.plugins.SemanticdbPlugin),Set(Atom(sbt.plugins.JvmPlugin)))
[debug] Clause(Atom(sbt.plugins.JUnitXmlReportPlugin),Set(Atom(sbt.plugins.JvmPlugin)))
[debug] Clause(Atom(sbt.plugins.MiniDependencyTreePlugin),Set(Atom(sbt.plugins.JvmPlugin)))
[debug] Clause(Atom(sbt.plugins.CorePlugin),Set(Atom(sbt.plugins.IvyPlugin)))
[debug] Clause(Atom(sbt.plugins.IvyPlugin),Set(Atom(sbt.plugins.JvmPlugin)))
[debug] Clause(Atom(sbt.plugins.JvmPlugin),Set(Atom(sbt.plugins.SemanticdbPlugin)))
[debug] Clause(Atom(sbt.plugins.JvmPlugin),Set(Atom(sbt.plugins.JUnitXmlReportPlugin)))
[debug] Clause(Atom(sbt.plugins.CorePlugin),Set(Atom(sbt.plugins.Giter8TemplatePlugin)))
[debug] Clause(Atom(sbt.plugins.JvmPlugin),Set(Atom(sbt.plugins.MiniDependencyTreePlugin))))
[debug]   :: deduced result: Matched(sbt.plugins.CorePlugin,sbt.plugins.Giter8TemplatePlugin,sbt.plugins.IvyPlugin,sbt.plugins.JvmPlugin,sbt.plugins.MiniDependencyTreePlugin,sbt.plugins.JUnitXmlReportPlugin,sbt.plugins.SemanticdbPlugin)
[debug] Plugins.deducer#function took 1.4413 ms
[debug]           Load.resolveProject(global-plugins) took 0.664ms
[debug]         Load.loadTransitive: finalizeProject(Project(id global-plugins, base: C:\Users\ystri\.sbt\1.0\plugins, plugins: List(<none>))) took 2.3501ms
[debug] [Loading] Done in C:\Users\ystri\.sbt\1.0\plugins, returning: (global-plugins)
[debug]       Load.loadUnit: loadedProjectsRaw took 3.1509ms
[debug]       Load.loadUnit: cleanEvalClasses took 0.0056ms
[debug]     Load.loadUnit(file:/C:/Users/ystri/.sbt/1.0/plugins/, ...) took 19.4556ms
[debug]   Load.apply: load took 20.0895ms
[debug]   Load.apply: resolveProjects took 0.0591ms
[debug]   Load.apply: finalTransforms took 4.1725ms
[debug]   Load.apply: config.delegates took 0.1883ms
[debug]   Load.apply: Def.make(settings)... took 33.0083ms
[debug]   Load.apply: structureIndex took 17.1206ms
[debug]   Load.apply: mkStreams took 0.0022ms
[info] loading global plugins from C:\Users\ystri\.sbt\1.0\plugins
[debug] Running task... Cancel: Signal, check cycles: false, forcegc: true
[debug] Load.defaultLoad until apply took 312.6111ms
[debug]           Load.loadUnit: plugins took 16.3078ms
[debug]           Load.loadUnit: defsScala took 0.0022ms
[debug] [Loading] Scanning directory D:\ScalaAkkaWumpus-master\project
[debug]             Load.loadUnit: mkEval took 0.1568ms
[debug] [Loading] Found non-root projects 
[debug] [Loading] Done in D:\ScalaAkkaWumpus-master\project, returning: ()
[debug] deducing auto plugins based on known facts Set(Atom(sbt.plugins.CorePlugin)) and clauses Clauses(Clause(Atom(sbt.plugins.JvmPlugin),Set(Atom(sbt.plugins.IvyPlugin)))
[debug] Clause(Atom(sbt.ScriptedPlugin),Set(Atom(sbt.plugins.JvmPlugin)))
[debug] Clause(Atom(sbt.plugins.SbtPlugin),Set(Atom(sbt.ScriptedPlugin)))
[debug] Clause(Atom(sbt.plugins.SemanticdbPlugin),Set(Atom(sbt.plugins.JvmPlugin)))
[debug] Clause(Atom(sbt.plugins.JUnitXmlReportPlugin),Set(Atom(sbt.plugins.JvmPlugin)))
[debug] Clause(Atom(sbt.plugins.MiniDependencyTreePlugin),Set(Atom(sbt.plugins.JvmPlugin)))
[debug] Clause(Atom(sbt.plugins.CorePlugin),Set(Atom(sbt.plugins.IvyPlugin)))
[debug] Clause(Atom(sbt.plugins.IvyPlugin),Set(Atom(sbt.plugins.JvmPlugin)))
[debug] Clause(Atom(sbt.plugins.JvmPlugin),Set(Atom(sbt.plugins.SemanticdbPlugin)))
[debug] Clause(Atom(sbt.plugins.JvmPlugin),Set(Atom(sbt.plugins.JUnitXmlReportPlugin)))
[debug] Clause(Atom(sbt.plugins.CorePlugin),Set(Atom(sbt.plugins.Giter8TemplatePlugin)))
[debug] Clause(Atom(sbt.plugins.JvmPlugin),Set(Atom(sbt.plugins.MiniDependencyTreePlugin))))
[debug]   :: deduced result: Matched(sbt.plugins.CorePlugin,sbt.plugins.Giter8TemplatePlugin,sbt.plugins.IvyPlugin,sbt.plugins.JvmPlugin,sbt.plugins.MiniDependencyTreePlugin,sbt.plugins.JUnitXmlReportPlugin,sbt.plugins.SemanticdbPlugin)
[debug] Plugins.deducer#function took 0.7422 ms
[info] loading settings for project scalaakkawumpus-master-build from idea1.sbt ...
[debug]               Load.resolveProject(scalaakkawumpus-master-build) took 0.8484ms
[debug]             Load.loadTransitive: finalizeProject(Project(id scalaakkawumpus-master-build, base: D:\ScalaAkkaWumpus-master\project, plugins: List(<none>))) took 1.8501ms
[debug] [Loading] Done in D:\ScalaAkkaWumpus-master\project, returning: (scalaakkawumpus-master-build)
[debug]           Load.loadUnit: loadedProjectsRaw took 12.1549ms
[debug]           Load.loadUnit: cleanEvalClasses took 0.522ms
[debug]         Load.loadUnit(file:/D:/ScalaAkkaWumpus-master/project/, ...) took 29.3728ms
[debug]       Load.apply: load took 29.8537ms
[debug]       Load.apply: resolveProjects took 0.0573ms
[debug]       Load.apply: finalTransforms took 2.8922ms
[debug]       Load.apply: config.delegates took 0.1516ms
[debug]       Load.apply: Def.make(settings)... took 64.7674ms
[debug]       Load.apply: structureIndex took 10.6718ms
[debug]       Load.apply: mkStreams took 0.0018ms
[info] loading project definition from D:\ScalaAkkaWumpus-master\project
[debug] Running task... Cancel: Signal, check cycles: false, forcegc: true
[debug]     Load.loadUnit: plugins took 294.1151ms
[debug]     Load.loadUnit: defsScala took 0.0028ms
[debug] [Loading] Scanning directory D:\ScalaAkkaWumpus-master
[debug]       Load.loadUnit: mkEval took 0.1554ms
[debug] [Loading] Found non-root projects 
[debug] [Loading] Done in D:\ScalaAkkaWumpus-master, returning: ()
[debug] deducing auto plugins based on known facts Set(Atom(sbt.plugins.CorePlugin)) and clauses Clauses(Clause(Atom(sbt.plugins.JvmPlugin),Set(Atom(sbt.plugins.IvyPlugin)))
[debug] Clause(Atom(sbt.ScriptedPlugin),Set(Atom(sbt.plugins.JvmPlugin)))
[debug] Clause(Atom(sbt.plugins.SbtPlugin),Set(Atom(sbt.ScriptedPlugin)))
[debug] Clause(Atom(sbt.plugins.SemanticdbPlugin),Set(Atom(sbt.plugins.JvmPlugin)))
[debug] Clause(Atom(sbt.plugins.JUnitXmlReportPlugin),Set(Atom(sbt.plugins.JvmPlugin)))
[debug] Clause(Atom(sbt.plugins.MiniDependencyTreePlugin),Set(Atom(sbt.plugins.JvmPlugin)))
[debug] Clause(Atom(org.jetbrains.sbt.StructurePlugin),Set(Atom(sbt.plugins.JvmPlugin)))
[debug] Clause(Atom(org.jetbrains.sbt.IdeaShellPlugin),Set(Atom(sbt.plugins.JvmPlugin)))
[debug] Clause(Atom(org.jetbrains.sbt.indices.SbtIntellijIndicesPlugin),Set(Atom(sbt.plugins.JvmPlugin)))
[debug] Clause(Atom(sbt.plugins.CorePlugin),Set(Atom(sbt.plugins.IvyPlugin)))
[debug] Clause(Atom(sbt.plugins.IvyPlugin),Set(Atom(sbt.plugins.JvmPlugin)))
[debug] Clause(Atom(sbt.plugins.JvmPlugin),Set(Atom(sbt.plugins.SemanticdbPlugin)))
[debug] Clause(Atom(sbt.plugins.JvmPlugin),Set(Atom(sbt.plugins.JUnitXmlReportPlugin)))
[debug] Clause(Atom(sbt.plugins.CorePlugin),Set(Atom(sbt.plugins.Giter8TemplatePlugin)))
[debug] Clause(Atom(sbt.plugins.JvmPlugin),Set(Atom(sbt.plugins.MiniDependencyTreePlugin)))
[debug] Clause(Atom(sbt.plugins.JvmPlugin),Set(Atom(org.jetbrains.sbt.StructurePlugin)))
[debug] Clause(Atom(sbt.plugins.JvmPlugin),Set(Atom(org.jetbrains.sbt.IdeaShellPlugin)))
[debug] Clause(And(Set(Atom(sbt.plugins.CorePlugin), Atom(sbt.plugins.JvmPlugin))),Set(Atom(org.jetbrains.sbt.indices.SbtIntellijIndicesPlugin))))
[debug]   :: deduced result: Matched(sbt.plugins.CorePlugin,sbt.plugins.Giter8TemplatePlugin,sbt.plugins.IvyPlugin,sbt.plugins.JvmPlugin,sbt.plugins.SemanticdbPlugin,org.jetbrains.sbt.indices.SbtIntellijIndicesPlugin,sbt.plugins.JUnitXmlReportPlugin,org.jetbrains.sbt.IdeaShellPlugin,org.jetbrains.sbt.StructurePlugin,sbt.plugins.MiniDependencyTreePlugin)
[debug] Plugins.deducer#function took 1.0096 ms
[info] loading settings for project scalaakkawumpus-master from build.sbt ...
[debug]         Load.resolveProject(scalaakkawumpus-master) took 38.4348ms
[debug]       Load.loadTransitive: finalizeProject(Project(id scalaakkawumpus-master, base: D:\ScalaAkkaWumpus-master, plugins: List(<none>))) took 41.1071ms
[debug] [Loading] Done in D:\ScalaAkkaWumpus-master, returning: (scalaakkawumpus-master)
[debug]     Load.loadUnit: loadedProjectsRaw took 692.073ms
[debug]     Load.loadUnit: cleanEvalClasses took 2.4735ms
[debug]   Load.loadUnit(file:/D:/ScalaAkkaWumpus-master/, ...) took 997.0448ms
[debug] Load.apply: load took 997.7618ms
[debug] Load.apply: resolveProjects took 0.0903ms
[debug] Load.apply: finalTransforms took 12.9466ms
[debug] Load.apply: config.delegates took 0.1873ms
[debug] Load.apply: Def.make(settings)... took 55.3808ms
[debug] Load.apply: structureIndex took 9.9932ms
[debug] Load.apply: mkStreams took 0.0025ms
[warn] Discarding 1 session setting.  Use 'session save' to persist session settings.
[info] set current project to lab3 (in build file:/D:/ScalaAkkaWumpus-master/)
[debug] > Exec(sbtPopOnFailure, None, None)
[debug] > Exec(resumeFromFailure, None, None)
[debug] > Exec(set _root_.org.jetbrains.sbt.StructureKeys.sbtStructureOptions in Global := "download resolveClassifiers", None, None)
[info] Defining Global / sbtStructureOptions
[info] The new value will be used by Global / ssOptions
[debug] Defining 
[debug] 	Global / sbtStructureOptions
[debug] 
[debug] The new value will be used by 
[debug] 	Global / ssOptions
[info] Reapplying settings...
[info] set current project to lab3 (in build file:/D:/ScalaAkkaWumpus-master/)
[debug] > Exec(preferScala2, None, None)
[debug] > Exec(*/*:dumpStructureTo C:/Users/ystri/AppData/Local/Temp/sbt-structure.xml, None, None)
[debug] Evaluating tasks: Global / dumpStructureTo
[warn] sbt 0.13 shell syntax is deprecated; use slash syntax instead: Global / dumpStructureTo
[debug] Running task... Cancel: Signal, check cycles: false, forcegc: true
[error] insecure HTTP request is unsupported 'http://repo.typesafe.com/typesafe/releases/'; switch to HTTPS or opt-in as ("Typesafe Repository" at "http://repo.typesafe.com/typesafe/releases/").withAllowInsecureProtocol(true), or by using allowInsecureProtocol in repositories file
[error] insecure HTTP request is unsupported 'http://repo.typesafe.com/typesafe/releases/'; switch to HTTPS or opt-in as ("Typesafe Repository" at "http://repo.typesafe.com/typesafe/releases/").withAllowInsecureProtocol(true), or by using allowInsecureProtocol in repositories file
[error] java.lang.RuntimeException: insecure protocol is unsupported
[error] 	at scala.sys.package$.error(package.scala:30)
[error] 	at sbt.Classpaths$.errorInsecureProtocol(Defaults.scala:3301)
[error] 	at sbt.Classpaths$.$anonfun$mkIvyConfiguration$1(Defaults.scala:3895)
[error] 	at scala.Function1.$anonfun$compose$1(Function1.scala:49)
[error] 	at sbt.internal.util.$tilde$greater.$anonfun$$u2219$1(TypeFunctions.scala:62)
[error] 	at sbt.std.Transform$$anon$4.work(Transform.scala:68)
[error] 	at sbt.Execute.$anonfun$submit$2(Execute.scala:282)
[error] 	at sbt.internal.util.ErrorHandling$.wideConvert(ErrorHandling.scala:23)
[error] 	at sbt.Execute.work(Execute.scala:291)
[error] 	at sbt.Execute.$anonfun$submit$1(Execute.scala:282)
[error] 	at sbt.ConcurrentRestrictions$$anon$4.$anonfun$submitValid$1(ConcurrentRestrictions.scala:265)
[error] 	at sbt.CompletionService$$anon$2.call(CompletionService.scala:64)
[error] 	at java.util.concurrent.FutureTask.run(FutureTask.java:266)
[error] 	at java.util.concurrent.Executors$RunnableAdapter.call(Executors.java:511)
[error] 	at java.util.concurrent.FutureTask.run(FutureTask.java:266)
[error] 	at java.util.concurrent.ThreadPoolExecutor.runWorker(ThreadPoolExecutor.java:1149)
[error] 	at java.util.concurrent.ThreadPoolExecutor$Worker.run(ThreadPoolExecutor.java:624)
[error] 	at java.lang.Thread.run(Thread.java:748)
[error] java.lang.RuntimeException: insecure protocol is unsupported
[error] 	at scala.sys.package$.error(package.scala:30)
[error] 	at sbt.Classpaths$.errorInsecureProtocol(Defaults.scala:3301)
[error] 	at sbt.coursierint.LMCoursier$.coursierConfiguration(LMCoursier.scala:169)
[error] 	at sbt.coursierint.LMCoursier$.$anonfun$coursierConfigurationTask$1(LMCoursier.scala:224)
[error] 	at scala.Function1.$anonfun$compose$1(Function1.scala:49)
[error] 	at sbt.internal.util.$tilde$greater.$anonfun$$u2219$1(TypeFunctions.scala:62)
[error] 	at sbt.std.Transform$$anon$4.work(Transform.scala:68)
[error] 	at sbt.Execute.$anonfun$submit$2(Execute.scala:282)
[error] 	at sbt.internal.util.ErrorHandling$.wideConvert(ErrorHandling.scala:23)
[error] 	at sbt.Execute.work(Execute.scala:291)
[error] 	at sbt.Execute.$anonfun$submit$1(Execute.scala:282)
[error] 	at sbt.ConcurrentRestrictions$$anon$4.$anonfun$submitValid$1(ConcurrentRestrictions.scala:265)
[error] 	at sbt.CompletionService$$anon$2.call(CompletionService.scala:64)
[error] 	at java.util.concurrent.FutureTask.run(FutureTask.java:266)
[error] 	at java.util.concurrent.Executors$RunnableAdapter.call(Executors.java:511)
[error] 	at java.util.concurrent.FutureTask.run(FutureTask.java:266)
[error] 	at java.util.concurrent.ThreadPoolExecutor.runWorker(ThreadPoolExecutor.java:1149)
[error] 	at java.util.concurrent.ThreadPoolExecutor$Worker.run(ThreadPoolExecutor.java:624)
[error] 	at java.lang.Thread.run(Thread.java:748)
[error] java.lang.RuntimeException: insecure protocol is unsupported
[error] 	at scala.sys.package$.error(package.scala:30)
[error] 	at sbt.Classpaths$.errorInsecureProtocol(Defaults.scala:3301)
[error] 	at sbt.coursierint.LMCoursier$.coursierConfiguration(LMCoursier.scala:169)
[error] 	at sbt.coursierint.LMCoursier$.$anonfun$coursierConfigurationTask$1(LMCoursier.scala:224)
[error] 	at scala.Function1.$anonfun$compose$1(Function1.scala:49)
[error] 	at sbt.internal.util.$tilde$greater.$anonfun$$u2219$1(TypeFunctions.scala:62)
[error] 	at sbt.std.Transform$$anon$4.work(Transform.scala:68)
[error] 	at sbt.Execute.$anonfun$submit$2(Execute.scala:282)
[error] 	at sbt.internal.util.ErrorHandling$.wideConvert(ErrorHandling.scala:23)
[error] 	at sbt.Execute.work(Execute.scala:291)
[error] 	at sbt.Execute.$anonfun$submit$1(Execute.scala:282)
[error] 	at sbt.ConcurrentRestrictions$$anon$4.$anonfun$submitValid$1(ConcurrentRestrictions.scala:265)
[error] 	at sbt.CompletionService$$anon$2.call(CompletionService.scala:64)
[error] 	at java.util.concurrent.FutureTask.run(FutureTask.java:266)
[error] 	at java.util.concurrent.Executors$RunnableAdapter.call(Executors.java:511)
[error] 	at java.util.concurrent.FutureTask.run(FutureTask.java:266)
[error] 	at java.util.concurrent.ThreadPoolExecutor.runWorker(ThreadPoolExecutor.java:1149)
[error] 	at java.util.concurrent.ThreadPoolExecutor$Worker.run(ThreadPoolExecutor.java:624)
[error] 	at java.lang.Thread.run(Thread.java:748)
[error] (ivyConfiguration) insecure protocol is unsupported
[error] (csrConfiguration) insecure protocol is unsupported
[error] (ssExtractDependencies) insecure protocol is unsupported
[error] Total time: 0 s, completed 13.12.2021 19:03:59
[debug] > Exec(idea-shell, None, None)
[debug] > Exec(, None, None)
[debug] > Exec(idea-shell, None, None)
