[debug] > Exec(early(addDefaultCommands), None, None)
[debug] > Exec(addDefaultCommands, None, None)
[debug] > Exec(early(initialize), None, None)
[debug] > Exec(initialize, None, None)
[debug] > Exec(early(addPluginSbtFile="""C:\Users\hvesy\AppData\Local\Temp\idea.sbt"""), None, None)
[debug] > Exec(addPluginSbtFile="""C:\Users\hvesy\AppData\Local\Temp\idea.sbt""", None, None)
[debug] > Exec(boot, None, None)
[debug] > Exec(writeSbtVersion, None, None)
[debug] > Exec(reload, None, None)
[debug] > Exec(sbtStashOnFailure, None, None)
[debug] > Exec(onFailure loadFailed, None, None)
[debug] > Exec(loadp, None, None)
[info] welcome to sbt 1.5.2 (Amazon.com Inc. Java 1.8.0_312)
[debug]       Load.loadUnit: plugins took 137.8686ms
[debug]       Load.loadUnit: defsScala took 0.4332ms
[debug] [Loading] Scanning directory C:\Users\hvesy\.sbt\1.0\plugins
[debug] [Loading] Found non-root projects 
[debug] [Loading] Done in C:\Users\hvesy\.sbt\1.0\plugins, returning: ()
[debug] deducing auto plugins based on known facts Set(Atom(sbt.plugins.CorePlugin)) and clauses Clauses(Clause(Atom(sbt.plugins.JvmPlugin),Set(Atom(sbt.plugins.IvyPlugin)))
[debug] Clause(Atom(sbt.ScriptedPlugin),Set(Atom(sbt.plugins.JvmPlugin)))
[debug] Clause(Atom(sbt.plugins.SbtPlugin),Set(Atom(sbt.ScriptedPlugin)))
[debug] Clause(Atom(sbt.plugins.SemanticdbPlugin),Set(Atom(sbt.plugins.JvmPlugin)))
[debug] Clause(Atom(sbt.plugins.JUnitXmlReportPlugin),Set(Atom(sbt.plugins.JvmPlugin)))
[debug] Clause(Atom(sbt.plugins.MiniDependencyTreePlugin),Set(Atom(sbt.plugins.JvmPlugin)))
[debug] Clause(Atom(sbt.plugins.CorePlugin),Set(Atom(sbt.plugins.IvyPlugin)))
[debug] Clause(Atom(sbt.plugins.IvyPlugin),Set(Atom(sbt.plugins.JvmPlugin)))
[debug] Clause(Atom(sbt.plugins.JvmPlugin),Set(Atom(sbt.plugins.SemanticdbPlugin)))
[debug] Clause(Atom(sbt.plugins.JvmPlugin),Set(Atom(sbt.plugins.JUnitXmlReportPlugin)))
[debug] Clause(Atom(sbt.plugins.CorePlugin),Set(Atom(sbt.plugins.Giter8TemplatePlugin)))
[debug] Clause(Atom(sbt.plugins.JvmPlugin),Set(Atom(sbt.plugins.MiniDependencyTreePlugin))))
[debug]   :: deduced result: Matched(sbt.plugins.CorePlugin,sbt.plugins.Giter8TemplatePlugin,sbt.plugins.IvyPlugin,sbt.plugins.JvmPlugin,sbt.plugins.MiniDependencyTreePlugin,sbt.plugins.JUnitXmlReportPlugin,sbt.plugins.SemanticdbPlugin)
[debug] Plugins.deducer#function took 28.7421 ms
[debug]           Load.resolveProject(global-plugins) took 76.5546ms
[debug]         Load.loadTransitive: finalizeProject(Project(id global-plugins, base: C:\Users\hvesy\.sbt\1.0\plugins, plugins: List(<none>))) took 154.7388ms
[debug] [Loading] Done in C:\Users\hvesy\.sbt\1.0\plugins, returning: (global-plugins)
[debug]       Load.loadUnit: loadedProjectsRaw took 194.4492ms
[debug]       Load.loadUnit: cleanEvalClasses took 0.4301ms
[debug]     Load.loadUnit(file:/C:/Users/hvesy/.sbt/1.0/plugins/, ...) took 344.956ms
[debug]   Load.apply: load took 608.6167ms
[debug]   Load.apply: resolveProjects took 12.3754ms
[debug]   Load.apply: finalTransforms took 95.1849ms
[debug]   Load.apply: config.delegates took 10.991ms
[debug]   Load.apply: Def.make(settings)... took 530.5356ms
[debug]   Load.apply: structureIndex took 134.1622ms
[debug]   Load.apply: mkStreams took 1.8135ms
[info] loading global plugins from C:\Users\hvesy\.sbt\1.0\plugins
[debug] Running task... Cancel: Signal, check cycles: false, forcegc: true
[debug] Load.defaultLoad until apply took 12842.4315ms
[debug]           Load.loadUnit: plugins took 29.0833ms
[debug]           Load.loadUnit: defsScala took 0.003ms
[debug] [Loading] Scanning directory C:\Users\hvesy\Desktop\cv_l1\ScalaAkkaWumpus-master\project
[debug]             Load.loadUnit: mkEval took 8.6293ms
[debug] [Loading] Found non-root projects 
[debug] [Loading] Done in C:\Users\hvesy\Desktop\cv_l1\ScalaAkkaWumpus-master\project, returning: ()
[debug] deducing auto plugins based on known facts Set(Atom(sbt.plugins.CorePlugin)) and clauses Clauses(Clause(Atom(sbt.plugins.JvmPlugin),Set(Atom(sbt.plugins.IvyPlugin)))
[debug] Clause(Atom(sbt.ScriptedPlugin),Set(Atom(sbt.plugins.JvmPlugin)))
[debug] Clause(Atom(sbt.plugins.SbtPlugin),Set(Atom(sbt.ScriptedPlugin)))
[debug] Clause(Atom(sbt.plugins.SemanticdbPlugin),Set(Atom(sbt.plugins.JvmPlugin)))
[debug] Clause(Atom(sbt.plugins.JUnitXmlReportPlugin),Set(Atom(sbt.plugins.JvmPlugin)))
[debug] Clause(Atom(sbt.plugins.MiniDependencyTreePlugin),Set(Atom(sbt.plugins.JvmPlugin)))
[debug] Clause(Atom(sbt.plugins.CorePlugin),Set(Atom(sbt.plugins.IvyPlugin)))
[debug] Clause(Atom(sbt.plugins.IvyPlugin),Set(Atom(sbt.plugins.JvmPlugin)))
[debug] Clause(Atom(sbt.plugins.JvmPlugin),Set(Atom(sbt.plugins.SemanticdbPlugin)))
[debug] Clause(Atom(sbt.plugins.JvmPlugin),Set(Atom(sbt.plugins.JUnitXmlReportPlugin)))
[debug] Clause(Atom(sbt.plugins.CorePlugin),Set(Atom(sbt.plugins.Giter8TemplatePlugin)))
[debug] Clause(Atom(sbt.plugins.JvmPlugin),Set(Atom(sbt.plugins.MiniDependencyTreePlugin))))
[debug]   :: deduced result: Matched(sbt.plugins.CorePlugin,sbt.plugins.Giter8TemplatePlugin,sbt.plugins.IvyPlugin,sbt.plugins.JvmPlugin,sbt.plugins.MiniDependencyTreePlugin,sbt.plugins.JUnitXmlReportPlugin,sbt.plugins.SemanticdbPlugin)
[debug] Plugins.deducer#function took 1.56 ms
[info] loading settings for project scalaakkawumpus-master-build from idea.sbt ...
[debug]               Load.resolveProject(scalaakkawumpus-master-build) took 4.6475ms
[debug]             Load.loadTransitive: finalizeProject(Project(id scalaakkawumpus-master-build, base: C:\Users\hvesy\Desktop\cv_l1\ScalaAkkaWumpus-master\project, plugins: List(<none>))) took 6.7873ms
[debug] [Loading] Done in C:\Users\hvesy\Desktop\cv_l1\ScalaAkkaWumpus-master\project, returning: (scalaakkawumpus-master-build)
[debug]           Load.loadUnit: loadedProjectsRaw took 2546.6909ms
[debug]           Load.loadUnit: cleanEvalClasses took 7.4416ms
[debug]         Load.loadUnit(file:/C:/Users/hvesy/Desktop/cv_l1/ScalaAkkaWumpus-master/project/, ...) took 2584.2368ms
[debug]       Load.apply: load took 2585.5689ms
[debug]       Load.apply: resolveProjects took 0.1806ms
[debug]       Load.apply: finalTransforms took 10.4457ms
[debug]       Load.apply: config.delegates took 0.449ms
[debug]       Load.apply: Def.make(settings)... took 77.0134ms
[debug]       Load.apply: structureIndex took 28.5264ms
[debug]       Load.apply: mkStreams took 0.0022ms
[info] loading project definition from C:\Users\hvesy\Desktop\cv_l1\ScalaAkkaWumpus-master\project
[debug] Running task... Cancel: Signal, check cycles: false, forcegc: true
[warn] Unrecognized repository Scala Plugin Bundled Repository, ignoring it
[debug]     Load.loadUnit: plugins took 3696.4816ms
[debug]     Load.loadUnit: defsScala took 0.0028ms
[debug] [Loading] Scanning directory C:\Users\hvesy\Desktop\cv_l1\ScalaAkkaWumpus-master
[debug]       Load.loadUnit: mkEval took 0.2859ms
[debug] [Loading] Found non-root projects 
[debug] [Loading] Done in C:\Users\hvesy\Desktop\cv_l1\ScalaAkkaWumpus-master, returning: ()
[debug] deducing auto plugins based on known facts Set(Atom(sbt.plugins.CorePlugin)) and clauses Clauses(Clause(Atom(sbt.plugins.JvmPlugin),Set(Atom(sbt.plugins.IvyPlugin)))
[debug] Clause(Atom(sbt.ScriptedPlugin),Set(Atom(sbt.plugins.JvmPlugin)))
[debug] Clause(Atom(sbt.plugins.SbtPlugin),Set(Atom(sbt.ScriptedPlugin)))
[debug] Clause(Atom(sbt.plugins.SemanticdbPlugin),Set(Atom(sbt.plugins.JvmPlugin)))
[debug] Clause(Atom(sbt.plugins.JUnitXmlReportPlugin),Set(Atom(sbt.plugins.JvmPlugin)))
[debug] Clause(Atom(sbt.plugins.MiniDependencyTreePlugin),Set(Atom(sbt.plugins.JvmPlugin)))
[debug] Clause(Atom(org.jetbrains.sbt.StructurePlugin),Set(Atom(sbt.plugins.JvmPlugin)))
[debug] Clause(Atom(org.jetbrains.sbt.IdeaShellPlugin),Set(Atom(sbt.plugins.JvmPlugin)))
[debug] Clause(Atom(org.jetbrains.sbt.indices.SbtIntellijIndicesPlugin),Set(Atom(sbt.plugins.JvmPlugin)))
[debug] Clause(Atom(sbt.plugins.CorePlugin),Set(Atom(sbt.plugins.IvyPlugin)))
[debug] Clause(Atom(sbt.plugins.IvyPlugin),Set(Atom(sbt.plugins.JvmPlugin)))
[debug] Clause(Atom(sbt.plugins.JvmPlugin),Set(Atom(sbt.plugins.SemanticdbPlugin)))
[debug] Clause(Atom(sbt.plugins.JvmPlugin),Set(Atom(sbt.plugins.JUnitXmlReportPlugin)))
[debug] Clause(Atom(sbt.plugins.CorePlugin),Set(Atom(sbt.plugins.Giter8TemplatePlugin)))
[debug] Clause(Atom(sbt.plugins.JvmPlugin),Set(Atom(sbt.plugins.MiniDependencyTreePlugin)))
[debug] Clause(Atom(sbt.plugins.JvmPlugin),Set(Atom(org.jetbrains.sbt.StructurePlugin)))
[debug] Clause(Atom(sbt.plugins.JvmPlugin),Set(Atom(org.jetbrains.sbt.IdeaShellPlugin)))
[debug] Clause(And(Set(Atom(sbt.plugins.CorePlugin), Atom(sbt.plugins.JvmPlugin))),Set(Atom(org.jetbrains.sbt.indices.SbtIntellijIndicesPlugin))))
[debug]   :: deduced result: Matched(sbt.plugins.CorePlugin,sbt.plugins.Giter8TemplatePlugin,sbt.plugins.IvyPlugin,sbt.plugins.JvmPlugin,sbt.plugins.SemanticdbPlugin,org.jetbrains.sbt.indices.SbtIntellijIndicesPlugin,sbt.plugins.JUnitXmlReportPlugin,org.jetbrains.sbt.IdeaShellPlugin,org.jetbrains.sbt.StructurePlugin,sbt.plugins.MiniDependencyTreePlugin)
[debug] Plugins.deducer#function took 2.2982 ms
[info] loading settings for project scalaakkawumpus-master from build.sbt ...
[debug]         Load.resolveProject(scalaakkawumpus-master) took 34.669ms
[debug]       Load.loadTransitive: finalizeProject(Project(id scalaakkawumpus-master, base: C:\Users\hvesy\Desktop\cv_l1\ScalaAkkaWumpus-master, plugins: List(<none>))) took 38.2301ms
[debug] [Loading] Done in C:\Users\hvesy\Desktop\cv_l1\ScalaAkkaWumpus-master, returning: (scalaakkawumpus-master)
[debug]     Load.loadUnit: loadedProjectsRaw took 1618.7935ms
[debug]     Load.loadUnit: cleanEvalClasses took 12.4671ms
[debug]   Load.loadUnit(file:/C:/Users/hvesy/Desktop/cv_l1/ScalaAkkaWumpus-master/, ...) took 5328.6253ms
[debug] Load.apply: load took 5330.247ms
[debug] Load.apply: resolveProjects took 0.1451ms
[debug] Load.apply: finalTransforms took 32.1163ms
[debug] Load.apply: config.delegates took 0.4735ms
[debug] Load.apply: Def.make(settings)... took 75.713ms
[debug] Load.apply: structureIndex took 27.1107ms
[debug] Load.apply: mkStreams took 0.002ms
[info] set current project to lab3 (in build file:/C:/Users/hvesy/Desktop/cv_l1/ScalaAkkaWumpus-master/)
[debug] > Exec(sbtPopOnFailure, None, None)
[debug] > Exec(resumeFromFailure, None, None)
[debug] > Exec(notifyUsersAboutShell, None, None)
[debug] > Exec(iflast shell, None, None)
[debug] > Exec(; set ideaPort in Global := 1982 ; idea-shell, None, None)
[debug] > Exec(set ideaPort in Global := 1982, None, None)
[info] Defining Global / ideaPort
[info] The new value will be used by Compile / compile, Test / compile
[debug] Defining 
[debug] 	Global / ideaPort
[debug] 
[debug] The new value will be used by 
[debug] 	Compile / compile
[debug] 	Test / compile
[info] Reapplying settings...
[info] set current project to lab3 (in build file:/C:/Users/hvesy/Desktop/cv_l1/ScalaAkkaWumpus-master/)
[debug] > Exec(idea-shell, None, None)
