[debug] > Exec(;reload; set _root_.org.jetbrains.sbt.StructureKeys.sbtStructureOptions in Global := "download resolveClassifiers" ;preferScala2;*/*:dumpStructureTo C:/Users/ystri/AppData/Local/Temp/sbt-structure.xml; session clear-all ; set ideaPort in Global := 63947, None, None)
[debug] > Exec(reload, None, None)
[debug] > Exec(sbtStashOnFailure, None, None)
[debug] > Exec(onFailure loadFailed, None, None)
[debug] > Exec(loadp, None, None)
[info] welcome to sbt 1.5.2 (Amazon.com Inc. Java 1.8.0_312)
[debug]       Load.loadUnit: plugins took 16.1801ms
[debug]       Load.loadUnit: defsScala took 0.0046ms
[debug] [Loading] Scanning directory C:\Users\ystri\.sbt\1.0\plugins
[debug] [Loading] Found non-root projects 
[debug] [Loading] Done in C:\Users\ystri\.sbt\1.0\plugins, returning: ()
[debug] deducing auto plugins based on known facts Set(Atom(sbt.plugins.CorePlugin)) and clauses Clauses(Clause(Atom(sbt.plugins.JvmPlugin),Set(Atom(sbt.plugins.IvyPlugin)))
[debug] Clause(Atom(sbt.ScriptedPlugin),Set(Atom(sbt.plugins.JvmPlugin)))
[debug] Clause(Atom(sbt.plugins.SbtPlugin),Set(Atom(sbt.ScriptedPlugin)))
[debug] Clause(Atom(sbt.plugins.SemanticdbPlugin),Set(Atom(sbt.plugins.JvmPlugin)))
[debug] Clause(Atom(sbt.plugins.JUnitXmlReportPlugin),Set(Atom(sbt.plugins.JvmPlugin)))
[debug] Clause(Atom(sbt.plugins.MiniDependencyTreePlugin),Set(Atom(sbt.plugins.JvmPlugin)))
[debug] Clause(Atom(sbt.plugins.CorePlugin),Set(Atom(sbt.plugins.IvyPlugin)))
[debug] Clause(Atom(sbt.plugins.IvyPlugin),Set(Atom(sbt.plugins.JvmPlugin)))
[debug] Clause(Atom(sbt.plugins.JvmPlugin),Set(Atom(sbt.plugins.SemanticdbPlugin)))
[debug] Clause(Atom(sbt.plugins.JvmPlugin),Set(Atom(sbt.plugins.JUnitXmlReportPlugin)))
[debug] Clause(Atom(sbt.plugins.CorePlugin),Set(Atom(sbt.plugins.Giter8TemplatePlugin)))
[debug] Clause(Atom(sbt.plugins.JvmPlugin),Set(Atom(sbt.plugins.MiniDependencyTreePlugin))))
[debug]   :: deduced result: Matched(sbt.plugins.CorePlugin,sbt.plugins.Giter8TemplatePlugin,sbt.plugins.IvyPlugin,sbt.plugins.JvmPlugin,sbt.plugins.MiniDependencyTreePlugin,sbt.plugins.JUnitXmlReportPlugin,sbt.plugins.SemanticdbPlugin)
[debug] Plugins.deducer#function took 0.7207 ms
[debug]           Load.resolveProject(global-plugins) took 0.6177ms
[debug]         Load.loadTransitive: finalizeProject(Project(id global-plugins, base: C:\Users\ystri\.sbt\1.0\plugins, plugins: List(<none>))) took 1.529ms
[debug] [Loading] Done in C:\Users\ystri\.sbt\1.0\plugins, returning: (global-plugins)
[debug]       Load.loadUnit: loadedProjectsRaw took 2.4541ms
[debug]       Load.loadUnit: cleanEvalClasses took 0.0057ms
[debug]     Load.loadUnit(file:/C:/Users/ystri/.sbt/1.0/plugins/, ...) took 19.9224ms
[debug]   Load.apply: load took 20.7315ms
[debug]   Load.apply: resolveProjects took 0.0613ms
[debug]   Load.apply: finalTransforms took 2.9859ms
[debug]   Load.apply: config.delegates took 0.1694ms
[debug]   Load.apply: Def.make(settings)... took 23.3276ms
[debug]   Load.apply: structureIndex took 7.7314ms
[debug]   Load.apply: mkStreams took 0.0019ms
[info] loading global plugins from C:\Users\ystri\.sbt\1.0\plugins
[debug] Running task... Cancel: Signal, check cycles: false, forcegc: true
[debug] Load.defaultLoad until apply took 170.0676ms
[debug]           Load.loadUnit: plugins took 17.1182ms
[debug]           Load.loadUnit: defsScala took 0.0024ms
[debug] [Loading] Scanning directory D:\ScalaAkkaWumpus-master\project
[debug]             Load.loadUnit: mkEval took 0.1442ms
[debug] [Loading] Found non-root projects 
[debug] [Loading] Done in D:\ScalaAkkaWumpus-master\project, returning: ()
[debug] deducing auto plugins based on known facts Set(Atom(sbt.plugins.CorePlugin)) and clauses Clauses(Clause(Atom(sbt.plugins.JvmPlugin),Set(Atom(sbt.plugins.IvyPlugin)))
[debug] Clause(Atom(sbt.ScriptedPlugin),Set(Atom(sbt.plugins.JvmPlugin)))
[debug] Clause(Atom(sbt.plugins.SbtPlugin),Set(Atom(sbt.ScriptedPlugin)))
[debug] Clause(Atom(sbt.plugins.SemanticdbPlugin),Set(Atom(sbt.plugins.JvmPlugin)))
[debug] Clause(Atom(sbt.plugins.JUnitXmlReportPlugin),Set(Atom(sbt.plugins.JvmPlugin)))
[debug] Clause(Atom(sbt.plugins.MiniDependencyTreePlugin),Set(Atom(sbt.plugins.JvmPlugin)))
[debug] Clause(Atom(sbt.plugins.CorePlugin),Set(Atom(sbt.plugins.IvyPlugin)))
[debug] Clause(Atom(sbt.plugins.IvyPlugin),Set(Atom(sbt.plugins.JvmPlugin)))
[debug] Clause(Atom(sbt.plugins.JvmPlugin),Set(Atom(sbt.plugins.SemanticdbPlugin)))
[debug] Clause(Atom(sbt.plugins.JvmPlugin),Set(Atom(sbt.plugins.JUnitXmlReportPlugin)))
[debug] Clause(Atom(sbt.plugins.CorePlugin),Set(Atom(sbt.plugins.Giter8TemplatePlugin)))
[debug] Clause(Atom(sbt.plugins.JvmPlugin),Set(Atom(sbt.plugins.MiniDependencyTreePlugin))))
[debug]   :: deduced result: Matched(sbt.plugins.CorePlugin,sbt.plugins.Giter8TemplatePlugin,sbt.plugins.IvyPlugin,sbt.plugins.JvmPlugin,sbt.plugins.MiniDependencyTreePlugin,sbt.plugins.JUnitXmlReportPlugin,sbt.plugins.SemanticdbPlugin)
[debug] Plugins.deducer#function took 0.5653 ms
[info] loading settings for project scalaakkawumpus-master-build from idea1.sbt ...
[debug]               Load.resolveProject(scalaakkawumpus-master-build) took 0.6793ms
[debug]             Load.loadTransitive: finalizeProject(Project(id scalaakkawumpus-master-build, base: D:\ScalaAkkaWumpus-master\project, plugins: List(<none>))) took 1.4178ms
[debug] [Loading] Done in D:\ScalaAkkaWumpus-master\project, returning: (scalaakkawumpus-master-build)
[debug]           Load.loadUnit: loadedProjectsRaw took 12.0709ms
[debug]           Load.loadUnit: cleanEvalClasses took 0.4842ms
[debug]         Load.loadUnit(file:/D:/ScalaAkkaWumpus-master/project/, ...) took 29.9634ms
[debug]       Load.apply: load took 30.3896ms
[debug]       Load.apply: resolveProjects took 0.0527ms
[debug]       Load.apply: finalTransforms took 3.1422ms
[debug]       Load.apply: config.delegates took 0.1364ms
[debug]       Load.apply: Def.make(settings)... took 20.534ms
[debug]       Load.apply: structureIndex took 6.3195ms
[debug]       Load.apply: mkStreams took 0.0018ms
[info] loading project definition from D:\ScalaAkkaWumpus-master\project
[debug] Running task... Cancel: Signal, check cycles: false, forcegc: true
[debug]     Load.loadUnit: plugins took 204.9309ms
[debug]     Load.loadUnit: defsScala took 0.0028ms
[debug] [Loading] Scanning directory D:\ScalaAkkaWumpus-master
[debug]       Load.loadUnit: mkEval took 0.146ms
[debug] [Loading] Found non-root projects 
[debug] [Loading] Done in D:\ScalaAkkaWumpus-master, returning: ()
[debug] deducing auto plugins based on known facts Set(Atom(sbt.plugins.CorePlugin)) and clauses Clauses(Clause(Atom(sbt.plugins.JvmPlugin),Set(Atom(sbt.plugins.IvyPlugin)))
[debug] Clause(Atom(sbt.ScriptedPlugin),Set(Atom(sbt.plugins.JvmPlugin)))
[debug] Clause(Atom(sbt.plugins.SbtPlugin),Set(Atom(sbt.ScriptedPlugin)))
[debug] Clause(Atom(sbt.plugins.SemanticdbPlugin),Set(Atom(sbt.plugins.JvmPlugin)))
[debug] Clause(Atom(sbt.plugins.JUnitXmlReportPlugin),Set(Atom(sbt.plugins.JvmPlugin)))
[debug] Clause(Atom(sbt.plugins.MiniDependencyTreePlugin),Set(Atom(sbt.plugins.JvmPlugin)))
[debug] Clause(Atom(org.jetbrains.sbt.StructurePlugin),Set(Atom(sbt.plugins.JvmPlugin)))
[debug] Clause(Atom(org.jetbrains.sbt.IdeaShellPlugin),Set(Atom(sbt.plugins.JvmPlugin)))
[debug] Clause(Atom(org.jetbrains.sbt.indices.SbtIntellijIndicesPlugin),Set(Atom(sbt.plugins.JvmPlugin)))
[debug] Clause(Atom(sbt.plugins.CorePlugin),Set(Atom(sbt.plugins.IvyPlugin)))
[debug] Clause(Atom(sbt.plugins.IvyPlugin),Set(Atom(sbt.plugins.JvmPlugin)))
[debug] Clause(Atom(sbt.plugins.JvmPlugin),Set(Atom(sbt.plugins.SemanticdbPlugin)))
[debug] Clause(Atom(sbt.plugins.JvmPlugin),Set(Atom(sbt.plugins.JUnitXmlReportPlugin)))
[debug] Clause(Atom(sbt.plugins.CorePlugin),Set(Atom(sbt.plugins.Giter8TemplatePlugin)))
[debug] Clause(Atom(sbt.plugins.JvmPlugin),Set(Atom(sbt.plugins.MiniDependencyTreePlugin)))
[debug] Clause(Atom(sbt.plugins.JvmPlugin),Set(Atom(org.jetbrains.sbt.StructurePlugin)))
[debug] Clause(Atom(sbt.plugins.JvmPlugin),Set(Atom(org.jetbrains.sbt.IdeaShellPlugin)))
[debug] Clause(And(Set(Atom(sbt.plugins.CorePlugin), Atom(sbt.plugins.JvmPlugin))),Set(Atom(org.jetbrains.sbt.indices.SbtIntellijIndicesPlugin))))
[debug]   :: deduced result: Matched(sbt.plugins.CorePlugin,sbt.plugins.Giter8TemplatePlugin,sbt.plugins.IvyPlugin,sbt.plugins.JvmPlugin,sbt.plugins.SemanticdbPlugin,org.jetbrains.sbt.indices.SbtIntellijIndicesPlugin,sbt.plugins.JUnitXmlReportPlugin,org.jetbrains.sbt.IdeaShellPlugin,org.jetbrains.sbt.StructurePlugin,sbt.plugins.MiniDependencyTreePlugin)
[debug] Plugins.deducer#function took 0.7961 ms
[info] loading settings for project scalaakkawumpus-master from build.sbt ...
[debug]         Load.resolveProject(scalaakkawumpus-master) took 21.1261ms
[debug]       Load.loadTransitive: finalizeProject(Project(id scalaakkawumpus-master, base: D:\ScalaAkkaWumpus-master, plugins: List(<none>))) took 22.1962ms
[debug] [Loading] Done in D:\ScalaAkkaWumpus-master, returning: (scalaakkawumpus-master)
[debug]     Load.loadUnit: loadedProjectsRaw took 452.2475ms
[debug]     Load.loadUnit: cleanEvalClasses took 2.8204ms
[debug]   Load.loadUnit(file:/D:/ScalaAkkaWumpus-master/, ...) took 660.2593ms
[debug] Load.apply: load took 661.0264ms
[debug] Load.apply: resolveProjects took 0.0626ms
[debug] Load.apply: finalTransforms took 9.7415ms
[debug] Load.apply: config.delegates took 0.1278ms
[debug] Load.apply: Def.make(settings)... took 35.9231ms
[debug] Load.apply: structureIndex took 8.2853ms
[debug] Load.apply: mkStreams took 0.0021ms
[warn] Discarding 1 session setting.  Use 'session save' to persist session settings.
[info] set current project to lab3 (in build file:/D:/ScalaAkkaWumpus-master/)
[debug] > Exec(sbtPopOnFailure, None, None)
[debug] > Exec(resumeFromFailure, None, None)
[debug] > Exec(set _root_.org.jetbrains.sbt.StructureKeys.sbtStructureOptions in Global := "download resolveClassifiers", None, None)
[info] Defining Global / sbtStructureOptions
[info] The new value will be used by Global / ssOptions
[debug] Defining 
[debug] 	Global / sbtStructureOptions
[debug] 
[debug] The new value will be used by 
[debug] 	Global / ssOptions
[info] Reapplying settings...
[info] set current project to lab3 (in build file:/D:/ScalaAkkaWumpus-master/)
[debug] > Exec(preferScala2, None, None)
[debug] > Exec(*/*:dumpStructureTo C:/Users/ystri/AppData/Local/Temp/sbt-structure.xml, None, None)
[debug] Evaluating tasks: Global / dumpStructureTo
[warn] sbt 0.13 shell syntax is deprecated; use slash syntax instead: Global / dumpStructureTo
[debug] Running task... Cancel: Signal, check cycles: false, forcegc: true
[info] Writing structure to C:\Users\ystri\AppData\Local\Temp\sbt-structure.xml...
[info] Done.
[success] Total time: 18 s, completed 13.12.2021 19:04:49
[debug] > Exec(session clear-all, None, None)
[info] Reapplying settings...
[info] set current project to lab3 (in build file:/D:/ScalaAkkaWumpus-master/)
[debug] > Exec(set ideaPort in Global := 63947, None, None)
[info] Defining Global / ideaPort
[info] The new value will be used by Compile / compile, Test / compile
[debug] Defining 
[debug] 	Global / ideaPort
[debug] 
[debug] The new value will be used by 
[debug] 	Compile / compile
[debug] 	Test / compile
[info] Reapplying settings...
[info] set current project to lab3 (in build file:/D:/ScalaAkkaWumpus-master/)
[debug] > Exec(idea-shell, None, None)
[debug] > Exec(, None, None)
[debug] > Exec(idea-shell, None, None)
