[debug] > Exec(;reload; set _root_.org.jetbrains.sbt.StructureKeys.sbtStructureOptions in Global := "download resolveClassifiers" ;*/*:dumpStructureTo C:/Users/hvesy/AppData/Local/Temp/sbt-structure.xml; session clear-all ; set ideaPort in Global := 1982, None, None)
[debug] > Exec(reload, None, None)
[debug] > Exec(sbtStashOnFailure, None, None)
[debug] > Exec(onFailure loadFailed, None, None)
[debug] > Exec(loadp, None, None)
[info] welcome to sbt 1.5.2 (Amazon.com Inc. Java 1.8.0_312)
[debug]       Load.loadUnit: plugins took 70.4056ms
[debug]       Load.loadUnit: defsScala took 0.0068ms
[debug] [Loading] Scanning directory C:\Users\hvesy\.sbt\1.0\plugins
[debug] [Loading] Found non-root projects 
[debug] [Loading] Done in C:\Users\hvesy\.sbt\1.0\plugins, returning: ()
[debug] deducing auto plugins based on known facts Set(Atom(sbt.plugins.CorePlugin)) and clauses Clauses(Clause(Atom(sbt.plugins.JvmPlugin),Set(Atom(sbt.plugins.IvyPlugin)))
[debug] Clause(Atom(sbt.ScriptedPlugin),Set(Atom(sbt.plugins.JvmPlugin)))
[debug] Clause(Atom(sbt.plugins.SbtPlugin),Set(Atom(sbt.ScriptedPlugin)))
[debug] Clause(Atom(sbt.plugins.SemanticdbPlugin),Set(Atom(sbt.plugins.JvmPlugin)))
[debug] Clause(Atom(sbt.plugins.JUnitXmlReportPlugin),Set(Atom(sbt.plugins.JvmPlugin)))
[debug] Clause(Atom(sbt.plugins.MiniDependencyTreePlugin),Set(Atom(sbt.plugins.JvmPlugin)))
[debug] Clause(Atom(sbt.plugins.CorePlugin),Set(Atom(sbt.plugins.IvyPlugin)))
[debug] Clause(Atom(sbt.plugins.IvyPlugin),Set(Atom(sbt.plugins.JvmPlugin)))
[debug] Clause(Atom(sbt.plugins.JvmPlugin),Set(Atom(sbt.plugins.SemanticdbPlugin)))
[debug] Clause(Atom(sbt.plugins.JvmPlugin),Set(Atom(sbt.plugins.JUnitXmlReportPlugin)))
[debug] Clause(Atom(sbt.plugins.CorePlugin),Set(Atom(sbt.plugins.Giter8TemplatePlugin)))
[debug] Clause(Atom(sbt.plugins.JvmPlugin),Set(Atom(sbt.plugins.MiniDependencyTreePlugin))))
[debug]   :: deduced result: Matched(sbt.plugins.CorePlugin,sbt.plugins.Giter8TemplatePlugin,sbt.plugins.IvyPlugin,sbt.plugins.JvmPlugin,sbt.plugins.MiniDependencyTreePlugin,sbt.plugins.JUnitXmlReportPlugin,sbt.plugins.SemanticdbPlugin)
[debug] Plugins.deducer#function took 3.1598 ms
[debug]           Load.resolveProject(global-plugins) took 6.4812ms
[debug]         Load.loadTransitive: finalizeProject(Project(id global-plugins, base: C:\Users\hvesy\.sbt\1.0\plugins, plugins: List(<none>))) took 10.4785ms
[debug] [Loading] Done in C:\Users\hvesy\.sbt\1.0\plugins, returning: (global-plugins)
[debug]       Load.loadUnit: loadedProjectsRaw took 12.2931ms
[debug]       Load.loadUnit: cleanEvalClasses took 0.0125ms
[debug]     Load.loadUnit(file:/C:/Users/hvesy/.sbt/1.0/plugins/, ...) took 84.3589ms
[debug]   Load.apply: load took 86.5276ms
[debug]   Load.apply: resolveProjects took 0.1435ms
[debug]   Load.apply: finalTransforms took 10.3269ms
[debug]   Load.apply: config.delegates took 0.3816ms
[debug]   Load.apply: Def.make(settings)... took 69.1577ms
[debug]   Load.apply: structureIndex took 20.0425ms
[debug]   Load.apply: mkStreams took 0.003ms
[info] loading global plugins from C:\Users\hvesy\.sbt\1.0\plugins
[debug] Running task... Cancel: Signal, check cycles: false, forcegc: true
[debug] Load.defaultLoad until apply took 614.6157ms
[debug]           Load.loadUnit: plugins took 25.0016ms
[debug]           Load.loadUnit: defsScala took 0.0039ms
[debug] [Loading] Scanning directory C:\Users\hvesy\Desktop\cv_l1\ScalaAkkaWumpus-master\project
[debug]             Load.loadUnit: mkEval took 0.2356ms
[debug] [Loading] Found non-root projects 
[debug] [Loading] Done in C:\Users\hvesy\Desktop\cv_l1\ScalaAkkaWumpus-master\project, returning: ()
[debug] deducing auto plugins based on known facts Set(Atom(sbt.plugins.CorePlugin)) and clauses Clauses(Clause(Atom(sbt.plugins.JvmPlugin),Set(Atom(sbt.plugins.IvyPlugin)))
[debug] Clause(Atom(sbt.ScriptedPlugin),Set(Atom(sbt.plugins.JvmPlugin)))
[debug] Clause(Atom(sbt.plugins.SbtPlugin),Set(Atom(sbt.ScriptedPlugin)))
[debug] Clause(Atom(sbt.plugins.SemanticdbPlugin),Set(Atom(sbt.plugins.JvmPlugin)))
[debug] Clause(Atom(sbt.plugins.JUnitXmlReportPlugin),Set(Atom(sbt.plugins.JvmPlugin)))
[debug] Clause(Atom(sbt.plugins.MiniDependencyTreePlugin),Set(Atom(sbt.plugins.JvmPlugin)))
[debug] Clause(Atom(sbt.plugins.CorePlugin),Set(Atom(sbt.plugins.IvyPlugin)))
[debug] Clause(Atom(sbt.plugins.IvyPlugin),Set(Atom(sbt.plugins.JvmPlugin)))
[debug] Clause(Atom(sbt.plugins.JvmPlugin),Set(Atom(sbt.plugins.SemanticdbPlugin)))
[debug] Clause(Atom(sbt.plugins.JvmPlugin),Set(Atom(sbt.plugins.JUnitXmlReportPlugin)))
[debug] Clause(Atom(sbt.plugins.CorePlugin),Set(Atom(sbt.plugins.Giter8TemplatePlugin)))
[debug] Clause(Atom(sbt.plugins.JvmPlugin),Set(Atom(sbt.plugins.MiniDependencyTreePlugin))))
[debug]   :: deduced result: Matched(sbt.plugins.CorePlugin,sbt.plugins.Giter8TemplatePlugin,sbt.plugins.IvyPlugin,sbt.plugins.JvmPlugin,sbt.plugins.MiniDependencyTreePlugin,sbt.plugins.JUnitXmlReportPlugin,sbt.plugins.SemanticdbPlugin)
[debug] Plugins.deducer#function took 0.9052 ms
[info] loading settings for project scalaakkawumpus-master-build from idea.sbt ...
[debug]               Load.resolveProject(scalaakkawumpus-master-build) took 1.1597ms
[debug]             Load.loadTransitive: finalizeProject(Project(id scalaakkawumpus-master-build, base: C:\Users\hvesy\Desktop\cv_l1\ScalaAkkaWumpus-master\project, plugins: List(<none>))) took 2.3156ms
[debug] [Loading] Done in C:\Users\hvesy\Desktop\cv_l1\ScalaAkkaWumpus-master\project, returning: (scalaakkawumpus-master-build)
[debug]           Load.loadUnit: loadedProjectsRaw took 20.4622ms
[debug]           Load.loadUnit: cleanEvalClasses took 1.3212ms
[debug]         Load.loadUnit(file:/C:/Users/hvesy/Desktop/cv_l1/ScalaAkkaWumpus-master/project/, ...) took 47.6374ms
[debug]       Load.apply: load took 48.8045ms
[debug]       Load.apply: resolveProjects took 0.1039ms
[debug]       Load.apply: finalTransforms took 4.151ms
[debug]       Load.apply: config.delegates took 0.193ms
[debug]       Load.apply: Def.make(settings)... took 41.7352ms
[debug]       Load.apply: structureIndex took 15.9247ms
[debug]       Load.apply: mkStreams took 0.0029ms
[info] loading project definition from C:\Users\hvesy\Desktop\cv_l1\ScalaAkkaWumpus-master\project
[debug] Running task... Cancel: Signal, check cycles: false, forcegc: true
[debug]     Load.loadUnit: plugins took 280.7616ms
[debug]     Load.loadUnit: defsScala took 0.0028ms
[debug] [Loading] Scanning directory C:\Users\hvesy\Desktop\cv_l1\ScalaAkkaWumpus-master
[debug]       Load.loadUnit: mkEval took 0.377ms
[debug] [Loading] Found non-root projects 
[debug] [Loading] Done in C:\Users\hvesy\Desktop\cv_l1\ScalaAkkaWumpus-master, returning: ()
[debug] deducing auto plugins based on known facts Set(Atom(sbt.plugins.CorePlugin)) and clauses Clauses(Clause(Atom(sbt.plugins.JvmPlugin),Set(Atom(sbt.plugins.IvyPlugin)))
[debug] Clause(Atom(sbt.ScriptedPlugin),Set(Atom(sbt.plugins.JvmPlugin)))
[debug] Clause(Atom(sbt.plugins.SbtPlugin),Set(Atom(sbt.ScriptedPlugin)))
[debug] Clause(Atom(sbt.plugins.SemanticdbPlugin),Set(Atom(sbt.plugins.JvmPlugin)))
[debug] Clause(Atom(sbt.plugins.JUnitXmlReportPlugin),Set(Atom(sbt.plugins.JvmPlugin)))
[debug] Clause(Atom(sbt.plugins.MiniDependencyTreePlugin),Set(Atom(sbt.plugins.JvmPlugin)))
[debug] Clause(Atom(org.jetbrains.sbt.StructurePlugin),Set(Atom(sbt.plugins.JvmPlugin)))
[debug] Clause(Atom(org.jetbrains.sbt.IdeaShellPlugin),Set(Atom(sbt.plugins.JvmPlugin)))
[debug] Clause(Atom(org.jetbrains.sbt.indices.SbtIntellijIndicesPlugin),Set(Atom(sbt.plugins.JvmPlugin)))
[debug] Clause(Atom(sbt.plugins.CorePlugin),Set(Atom(sbt.plugins.IvyPlugin)))
[debug] Clause(Atom(sbt.plugins.IvyPlugin),Set(Atom(sbt.plugins.JvmPlugin)))
[debug] Clause(Atom(sbt.plugins.JvmPlugin),Set(Atom(sbt.plugins.SemanticdbPlugin)))
[debug] Clause(Atom(sbt.plugins.JvmPlugin),Set(Atom(sbt.plugins.JUnitXmlReportPlugin)))
[debug] Clause(Atom(sbt.plugins.CorePlugin),Set(Atom(sbt.plugins.Giter8TemplatePlugin)))
[debug] Clause(Atom(sbt.plugins.JvmPlugin),Set(Atom(sbt.plugins.MiniDependencyTreePlugin)))
[debug] Clause(Atom(sbt.plugins.JvmPlugin),Set(Atom(org.jetbrains.sbt.StructurePlugin)))
[debug] Clause(Atom(sbt.plugins.JvmPlugin),Set(Atom(org.jetbrains.sbt.IdeaShellPlugin)))
[debug] Clause(And(Set(Atom(sbt.plugins.CorePlugin), Atom(sbt.plugins.JvmPlugin))),Set(Atom(org.jetbrains.sbt.indices.SbtIntellijIndicesPlugin))))
[debug]   :: deduced result: Matched(sbt.plugins.CorePlugin,sbt.plugins.Giter8TemplatePlugin,sbt.plugins.IvyPlugin,sbt.plugins.JvmPlugin,sbt.plugins.SemanticdbPlugin,org.jetbrains.sbt.indices.SbtIntellijIndicesPlugin,sbt.plugins.JUnitXmlReportPlugin,org.jetbrains.sbt.IdeaShellPlugin,org.jetbrains.sbt.StructurePlugin,sbt.plugins.MiniDependencyTreePlugin)
[debug] Plugins.deducer#function took 1.7722 ms
[info] loading settings for project scalaakkawumpus-master from build.sbt ...
[debug]         Load.resolveProject(scalaakkawumpus-master) took 29.8236ms
[debug]       Load.loadTransitive: finalizeProject(Project(id scalaakkawumpus-master, base: C:\Users\hvesy\Desktop\cv_l1\ScalaAkkaWumpus-master, plugins: List(<none>))) took 32.0901ms
[debug] [Loading] Done in C:\Users\hvesy\Desktop\cv_l1\ScalaAkkaWumpus-master, returning: (scalaakkawumpus-master)
[debug]     Load.loadUnit: loadedProjectsRaw took 93.5173ms
[debug]     Load.loadUnit: cleanEvalClasses took 3.7444ms
[debug]   Load.loadUnit(file:/C:/Users/hvesy/Desktop/cv_l1/ScalaAkkaWumpus-master/, ...) took 383.7813ms
[debug] Load.apply: load took 385.1068ms
[debug] Load.apply: resolveProjects took 0.1066ms
[debug] Load.apply: finalTransforms took 20.1283ms
[debug] Load.apply: config.delegates took 0.3677ms
[debug] Load.apply: Def.make(settings)... took 54.7394ms
[debug] Load.apply: structureIndex took 13.919ms
[debug] Load.apply: mkStreams took 0.0032ms
[warn] Discarding 1 session setting.  Use 'session save' to persist session settings.
[info] set current project to lab3 (in build file:/C:/Users/hvesy/Desktop/cv_l1/ScalaAkkaWumpus-master/)
[debug] > Exec(sbtPopOnFailure, None, None)
[debug] > Exec(resumeFromFailure, None, None)
[debug] > Exec(set _root_.org.jetbrains.sbt.StructureKeys.sbtStructureOptions in Global := "download resolveClassifiers", None, None)
[info] Defining Global / sbtStructureOptions
[info] The new value will be used by Global / ssOptions
[debug] Defining 
[debug] 	Global / sbtStructureOptions
[debug] 
[debug] The new value will be used by 
[debug] 	Global / ssOptions
[info] Reapplying settings...
[info] set current project to lab3 (in build file:/C:/Users/hvesy/Desktop/cv_l1/ScalaAkkaWumpus-master/)
[debug] > Exec(*/*:dumpStructureTo C:/Users/hvesy/AppData/Local/Temp/sbt-structure.xml, None, None)
[debug] Evaluating tasks: Global / dumpStructureTo
[warn] sbt 0.13 shell syntax is deprecated; use slash syntax instead: Global / dumpStructureTo
[debug] Running task... Cancel: Signal, check cycles: false, forcegc: true
[warn] scala-library-2.10.4-sources.jar no longer exists at C:\Users\ystri\AppData\Local\Coursier\Cache\v1\https\repo1.maven.org\maven2\org\scala-lang\scala-library\2.10.4\scala-library-2.10.4-sources.jar
[info] Writing structure to C:\Users\hvesy\AppData\Local\Temp\sbt-structure.xml...
[info] Done.
[success] Total time: 22 s, completed 13.12.2021 21:00:18
[debug] > Exec(session clear-all, None, None)
[info] Reapplying settings...
[info] set current project to lab3 (in build file:/C:/Users/hvesy/Desktop/cv_l1/ScalaAkkaWumpus-master/)
[debug] > Exec(set ideaPort in Global := 1982, None, None)
[info] Defining Global / ideaPort
[info] The new value will be used by Compile / compile, Test / compile
[debug] Defining 
[debug] 	Global / ideaPort
[debug] 
[debug] The new value will be used by 
[debug] 	Compile / compile
[debug] 	Test / compile
[info] Reapplying settings...
[info] set current project to lab3 (in build file:/C:/Users/hvesy/Desktop/cv_l1/ScalaAkkaWumpus-master/)
[debug] > Exec(idea-shell, None, None)
[debug] > Exec(, None, None)
[debug] > Exec(idea-shell, None, None)
